[I 15:15:46.963 NotebookApp] Writing notebook server cookie secret to /run/user/1001/jupyter/notebook_cookie_secret
[W 15:15:47.262 NotebookApp] WARNING: The notebook server is listening on all IP addresses and not using encryption. This is not recommended.
[W 15:15:47.263 NotebookApp] WARNING: The notebook server is listening on all IP addresses and not using authentication. This is highly insecure and not recommended.
[I 15:15:47.455 NotebookApp] Serving notebooks from local directory: /home/carnd/CarND-Traffic-Sign-Classifier-Project
[I 15:15:47.455 NotebookApp] 0 active kernels 
[I 15:15:47.455 NotebookApp] The Jupyter Notebook is running at: http://[all ip addresses on your system]:8888/
[I 15:15:47.455 NotebookApp] Use Control-C to stop this server and shut down all kernels (twice to skip confirmation).
[W 15:15:47.455 NotebookApp] No web browser found: could not locate runnable browser.
[I 15:15:47.826 NotebookApp] 302 GET / (157.49.230.215) 0.62ms
[I 15:16:59.110 NotebookApp] Writing notebook-signing key to /home/carnd/.local/share/jupyter/notebook_secret
[W 15:16:59.113 NotebookApp] Notebook Traffic_Sign_Classifier.ipynb is not trusted
[I 15:17:02.505 NotebookApp] Kernel started: be209355-0d34-4be9-b1f2-d673c3964ed5
[I 15:17:02.525 NotebookApp] 302 GET /notebooks/visualize_cnn.png (157.49.230.215) 0.85ms
I tensorflow/stream_executor/dso_loader.cc:128] successfully opened CUDA library libcublas.so locally
I tensorflow/stream_executor/dso_loader.cc:128] successfully opened CUDA library libcudnn.so locally
I tensorflow/stream_executor/dso_loader.cc:128] successfully opened CUDA library libcufft.so locally
I tensorflow/stream_executor/dso_loader.cc:128] successfully opened CUDA library libcuda.so.1 locally
I tensorflow/stream_executor/dso_loader.cc:128] successfully opened CUDA library libcurand.so locally
[I 15:19:08.531 NotebookApp] Saving file at /Traffic_Sign_Classifier.ipynb
[W 15:19:08.531 NotebookApp] Saving untrusted notebook Traffic_Sign_Classifier.ipynb
I tensorflow/stream_executor/cuda/cuda_gpu_executor.cc:937] successful NUMA node read from SysFS had negative value (-1), but there must be at least one NUMA node, so returning NUMA node zero
I tensorflow/core/common_runtime/gpu/gpu_device.cc:885] Found device 0 with properties: 
name: GRID K520
major: 3 minor: 0 memoryClockRate (GHz) 0.797
pciBusID 0000:00:03.0
Total memory: 3.94GiB
Free memory: 3.91GiB
I tensorflow/core/common_runtime/gpu/gpu_device.cc:906] DMA: 0 
I tensorflow/core/common_runtime/gpu/gpu_device.cc:916] 0:   Y 
I tensorflow/core/common_runtime/gpu/gpu_device.cc:975] Creating TensorFlow device (/gpu:0) -> (device: 0, name: GRID K520, pci bus id: 0000:00:03.0)
[I 15:21:08.991 NotebookApp] Saving file at /Traffic_Sign_Classifier.ipynb
[W 15:24:34.546 NotebookApp] WebSocket ping timeout after 119366 ms.
[I 15:26:33.227 NotebookApp] Saving file at /Traffic_Sign_Classifier.ipynb
[I 15:28:32.911 NotebookApp] Saving file at /Traffic_Sign_Classifier.ipynb
[I 15:30:32.868 NotebookApp] Saving file at /Traffic_Sign_Classifier.ipynb
[I 15:32:38.548 NotebookApp] Saving file at /Traffic_Sign_Classifier.ipynb
[I 15:35:17.938 NotebookApp] Kernel interrupted: be209355-0d34-4be9-b1f2-d673c3964ed5
[I 15:36:38.178 NotebookApp] Saving file at /Traffic_Sign_Classifier.ipynb
[I 15:38:33.422 NotebookApp] Saving file at /Traffic_Sign_Classifier.ipynb
[I 15:38:50.424 NotebookApp] 302 GET /notebooks/visualize_cnn.png (157.49.230.215) 0.82ms
I tensorflow/core/common_runtime/gpu/gpu_device.cc:975] Creating TensorFlow device (/gpu:0) -> (device: 0, name: GRID K520, pci bus id: 0000:00:03.0)
[I 15:40:53.302 NotebookApp] Saving file at /Traffic_Sign_Classifier.ipynb
[I 15:41:18.507 NotebookApp] Kernel interrupted: be209355-0d34-4be9-b1f2-d673c3964ed5
I tensorflow/core/common_runtime/gpu/gpu_device.cc:975] Creating TensorFlow device (/gpu:0) -> (device: 0, name: GRID K520, pci bus id: 0000:00:03.0)
[I 15:41:44.784 NotebookApp] Kernel interrupted: be209355-0d34-4be9-b1f2-d673c3964ed5
I tensorflow/core/common_runtime/gpu/gpu_device.cc:975] Creating TensorFlow device (/gpu:0) -> (device: 0, name: GRID K520, pci bus id: 0000:00:03.0)
[I 15:42:55.138 NotebookApp] Saving file at /Traffic_Sign_Classifier.ipynb
[I 15:44:53.228 NotebookApp] Saving file at /Traffic_Sign_Classifier.ipynb
I tensorflow/core/common_runtime/gpu/gpu_device.cc:975] Creating TensorFlow device (/gpu:0) -> (device: 0, name: GRID K520, pci bus id: 0000:00:03.0)
I tensorflow/core/common_runtime/gpu/gpu_device.cc:975] Creating TensorFlow device (/gpu:0) -> (device: 0, name: GRID K520, pci bus id: 0000:00:03.0)
[I 15:50:36.661 NotebookApp] Kernel interrupted: be209355-0d34-4be9-b1f2-d673c3964ed5
I tensorflow/core/common_runtime/gpu/gpu_device.cc:975] Creating TensorFlow device (/gpu:0) -> (device: 0, name: GRID K520, pci bus id: 0000:00:03.0)
[I 15:50:53.025 NotebookApp] Saving file at /Traffic_Sign_Classifier.ipynb
[I 15:52:56.622 NotebookApp] Saving file at /Traffic_Sign_Classifier.ipynb
[I 15:54:00.235 NotebookApp] Saving file at /Traffic_Sign_Classifier.ipynb
[I 16:20:59.664 NotebookApp] Saving file at /Traffic_Sign_Classifier.ipynb
[I 16:33:06.706 NotebookApp] Saving file at /Traffic_Sign_Classifier.ipynb
I tensorflow/core/common_runtime/gpu/gpu_device.cc:975] Creating TensorFlow device (/gpu:0) -> (device: 0, name: GRID K520, pci bus id: 0000:00:03.0)
[I 16:44:50.746 NotebookApp] Saving file at /Traffic_Sign_Classifier.ipynb
[I 17:01:06.660 NotebookApp] Saving file at /Traffic_Sign_Classifier.ipynb
[I 17:05:21.272 NotebookApp] Saving file at /Traffic_Sign_Classifier.ipynb
[I 17:10:43.863 NotebookApp] Saving file at /Traffic_Sign_Classifier.ipynb
[I 17:21:00.568 NotebookApp] Saving file at /Traffic_Sign_Classifier.ipynb
